Activating service name='com.canonical.Unity.Scope.Home'
Successfully activated service 'com.canonical.Unity.Scope.Home'

(unity-scope-home:5671): unity-scope-home-WARNING **: platform-info.vala:112: Unable to read SIM properties: GDBus.Error:org.freedesktop.DBus.Error.ServiceUnknown: The name org.ofono was not provided by any .service files
Activating service name='com.canonical.Unity.Scope.Applications'
Activating service name='com.canonical.Unity.Scope.File.Gdrive'
Activating service name='com.canonical.Unity.Scope.LocalFiles'

(process:5686): unity-files-daemon-WARNING **: folder.vala:65: Failed to read favorites: Failed to open file '/home/jfloyd/.gtk-bookmarks': No such file or directory
Successfully activated service 'com.canonical.Unity.Scope.LocalFiles'
Activating service name='com.canonical.Unity.Scope.Music'
Successfully activated service 'com.canonical.Unity.Scope.Music'

(unity-music-daemon:5699): unity-music-daemon-WARNING **: rhythmbox-collection.vala:510: Unable to open album-art DB!

(unity-music-daemon:5699): unity-music-daemon-WARNING **: rhythmbox-collection.vala:574: Error while parsing rhythmbox DB: Error opening file: No such file or directory
Successfully activated service 'com.canonical.Unity.Scope.File.Gdrive'
Successfully activated service 'com.canonical.Unity.Scope.Applications'

(unity-scope-home:5671): Json-CRITICAL **: json_object_get_object_member: assertion 'node != NULL' failed

(unity-scope-home:5671): Json-CRITICAL **: json_object_get_object_member: assertion 'node != NULL' failed

(unity-scope-home:5671): Json-CRITICAL **: json_object_get_object_member: assertion 'node != NULL' failed

(unity-scope-home:5671): Json-CRITICAL **: json_object_get_object_member: assertion 'node != NULL' failed

(unity-scope-home:5671): Json-CRITICAL **: json_object_get_object_member: assertion 'node != NULL' failed

(unity-scope-home:5671): Json-CRITICAL **: json_object_get_object_member: assertion 'node != NULL' failed

(unity-scope-home:5671): Json-CRITICAL **: json_object_get_object_member: assertion 'node != NULL' failed

(unity-scope-home:5671): Json-CRITICAL **: json_object_get_object_member: assertion 'node != NULL' failed

(unity-scope-home:5671): Json-CRITICAL **: json_object_get_object_member: assertion 'node != NULL' failed

(unity-scope-home:5671): Json-CRITICAL **: json_object_get_object_member: assertion 'node != NULL' failed

(bamfdaemon:1740): Gdk-WARNING **: bamfdaemon: Fatal IO error 11 (Resource temporarily unavailable) on X server :0.


(indicator-keyboard-service:1779): Gdk-WARNING **: indicator-keyboard-service: Fatal IO error 11 (Resource temporarily unavailable) on X server :0.


(notify-osd:1913): Gdk-WARNING **: notify-osd: Fatal IO error 11 (Resource temporarily unavailable) on X server :0.

Activating service name='org.a11y.Bus'
Successfully activated service 'org.a11y.Bus'
Activating service name='org.gtk.vfs.Daemon'
Activating service name='org.a11y.atspi.Registry'
Successfully activated service 'org.gtk.vfs.Daemon'
Successfully activated service 'org.a11y.atspi.Registry'

** (at-spi2-registryd:1841): WARNING **: Failed to register client: GDBus.Error:org.freedesktop.DBus.Error.ServiceUnknown: The name org.gnome.SessionManager was not provided by any .service files

** (at-spi2-registryd:1841): WARNING **: Unable to register client with session manager
Activating service name='org.ayatana.bamf'
Successfully activated service 'org.ayatana.bamf'
Activating service name='com.canonical.indicator.keyboard'
Activating service name='org.gnome.evolution.dataserver.Sources2'
Activating service name='org.gnome.ScreenSaver'
Activating service name='org.freedesktop.Notifications'
Activating service name='ca.desrt.dconf'
Successfully activated service 'ca.desrt.dconf'
module-cache-reaper-Message: Scanning data directories
Successfully activated service 'org.gnome.ScreenSaver'
module-cache-reaper-Message: Scanning cache directories
Successfully activated service 'org.gnome.evolution.dataserver.Sources2'
Activating service name='org.gnome.evolution.dataserver.Calendar4'
Successfully activated service 'org.freedesktop.Notifications'
Successfully activated service 'com.canonical.indicator.keyboard'
Activating service name='org.gtk.Private.UDisks2VolumeMonitor'
Successfully activated service 'org.gtk.Private.UDisks2VolumeMonitor'
Activating service name='org.gnome.GConf'
Successfully activated service 'org.gnome.GConf'
Activating service name='org.gtk.Private.MTPVolumeMonitor'
Successfully activated service 'org.gtk.Private.MTPVolumeMonitor'
Activating service name='org.gtk.Private.GPhoto2VolumeMonitor'
Successfully activated service 'org.gtk.Private.GPhoto2VolumeMonitor'
Activating service name='org.gtk.Private.AfcVolumeMonitor'
Successfully activated service 'org.gtk.Private.AfcVolumeMonitor'
Successfully activated service 'org.gnome.evolution.dataserver.Calendar4'
** Message: Lost the name, shutting down.
Activating service name='org.freedesktop.Telepathy.AccountManager'
Successfully activated service 'org.freedesktop.Telepathy.AccountManager'
Activating service name='com.canonical.indicators.webcredentials'
Successfully activated service 'com.canonical.indicators.webcredentials'
Activating service name='org.gnome.zeitgeist.Engine'
Activating service name='org.gnome.zeitgeist.SimpleIndexer'
Successfully activated service 'org.gnome.zeitgeist.Engine'

** (zeitgeist-datahub:2278): WARNING **: zeitgeist-datahub.vala:229: Unable to get name "org.gnome.zeitgeist.datahub" on the bus!
Successfully activated service 'org.gnome.zeitgeist.SimpleIndexer'
XIO:  fatal IO error 11 (Resource temporarily unavailable) on X server ":0"
      after 73 requests (73 known processed) with 0 events remaining.

(bamfdaemon:1894): Gdk-WARNING **: bamfdaemon: Fatal IO error 11 (Resource temporarily unavailable) on X server :0.


(indicator-keyboard-service:1964): Gdk-WARNING **: indicator-keyboard-service: Fatal IO error 11 (Resource temporarily unavailable) on X server :0.


(notify-osd:2069): Gdk-WARNING **: notify-osd: Fatal IO error 11 (Resource temporarily unavailable) on X server :0.

g_dbus_connection_real_closed: Remote peer vanished with error: Error receiving message: Connection reset by peer (g-io-error-quark, 0). Exiting.

(zeitgeist-daemon:2270): GLib-GIO-WARNING **: Error releasing name org.gnome.zeitgeist.Engine: The connection is closed
[31m[15:24:43.460364 WARNING][0m zeitgeist-daemon.vala:449: The connection is closed
