
(unity-settings-daemon:1635): wacom-plugin-CRITICAL **: gsd_wacom_device_get_device_type: assertion 'GSD_IS_WACOM_DEVICE (device)' failed

(unity-settings-daemon:1635): wacom-plugin-CRITICAL **: gsd_wacom_device_get_device_type: assertion 'GSD_IS_WACOM_DEVICE (device)' failed

(unity-settings-daemon:1635): wacom-plugin-CRITICAL **: gsd_wacom_device_get_device_type: assertion 'GSD_IS_WACOM_DEVICE (device)' failed

(unity-settings-daemon:1635): wacom-plugin-CRITICAL **: gsd_wacom_device_get_device_type: assertion 'GSD_IS_WACOM_DEVICE (device)' failed

(unity-settings-daemon:1635): wacom-plugin-CRITICAL **: gsd_wacom_device_get_device_type: assertion 'GSD_IS_WACOM_DEVICE (device)' failed

(unity-settings-daemon:1635): wacom-plugin-CRITICAL **: gsd_wacom_device_get_device_type: assertion 'GSD_IS_WACOM_DEVICE (device)' failed

(unity-settings-daemon:1635): wacom-plugin-CRITICAL **: gsd_wacom_device_get_device_type: assertion 'GSD_IS_WACOM_DEVICE (device)' failed

(unity-settings-daemon:1635): wacom-plugin-CRITICAL **: gsd_wacom_device_get_device_type: assertion 'GSD_IS_WACOM_DEVICE (device)' failed

(unity-settings-daemon:1635): wacom-plugin-CRITICAL **: gsd_wacom_device_get_device_type: assertion 'GSD_IS_WACOM_DEVICE (device)' failed
No protocol specified
check_gl_texture_size: Unable to open display :0
(unity-settings-daemon:1793): GnomeDesktop-WARNING **: GL_MAX_TEXTURE_SIZE helper quit unexpectedly

(unity-settings-daemon:1793): color-plugin-WARNING **: failed to get edid: unable to get EDID for output

(unity-settings-daemon:1793): color-plugin-WARNING **: unable to get EDID for xrandr-VGA-0: unable to get EDID for output

(gnome-terminal:2300): GLib-GIO-CRITICAL **: g_settings_get: the format string may not contain '&' (key 'monospace-font-name' from schema 'org.gnome.desktop.interface'). This call will probably stop working with a future version of glib.

(unity-settings-daemon:1793): wacom-plugin-CRITICAL **: gsd_wacom_device_get_device_type: assertion 'GSD_IS_WACOM_DEVICE (device)' failed

(unity-settings-daemon:1793): wacom-plugin-CRITICAL **: gsd_wacom_device_get_device_type: assertion 'GSD_IS_WACOM_DEVICE (device)' failed

(unity-settings-daemon:1793): wacom-plugin-CRITICAL **: gsd_wacom_device_get_device_type: assertion 'GSD_IS_WACOM_DEVICE (device)' failed

(unity-settings-daemon:1793): wacom-plugin-CRITICAL **: gsd_wacom_device_get_device_type: assertion 'GSD_IS_WACOM_DEVICE (device)' failed

(unity-settings-daemon:1793): wacom-plugin-CRITICAL **: gsd_wacom_device_get_device_type: assertion 'GSD_IS_WACOM_DEVICE (device)' failed

(unity-settings-daemon:1793): wacom-plugin-CRITICAL **: gsd_wacom_device_get_device_type: assertion 'GSD_IS_WACOM_DEVICE (device)' failed

(unity-settings-daemon:1793): wacom-plugin-CRITICAL **: gsd_wacom_device_get_device_type: assertion 'GSD_IS_WACOM_DEVICE (device)' failed

(unity-settings-daemon:1793): wacom-plugin-CRITICAL **: gsd_wacom_device_get_device_type: assertion 'GSD_IS_WACOM_DEVICE (device)' failed

(unity-settings-daemon:1793): wacom-plugin-CRITICAL **: gsd_wacom_device_get_device_type: assertion 'GSD_IS_WACOM_DEVICE (device)' failed
